<?xml version="1.0" encoding="UTF-8"?>
<!-- Generated by org.testng.reporters.JUnitXMLReporter -->
<testsuite ignored="0" hostname="DESKTOP-66M2GBR" failures="0" tests="1" name="AutomationProject" time="0.025" errors="0" timestamp="2024-04-23T15:00:12 ICT">
  <testcase classname="Automation.Base.Setup.BaseSetup" name="@BeforeClass initializeTestBaseSetup" time="-1.713859212923E9">
    <failure type="org.testng.TestNGException" message="
Parameter &amp;apos;browserType&amp;apos; is required by BeforeClass on method initializeTestBaseSetup but has not been marked @Optional or defined
in C:\Users\PC\AppData\Local\JetBrains\IdeaIC2023.3\temp-testng-customsuite.xml">
      <![CDATA[org.testng.TestNGException: 
Parameter 'browserType' is required by BeforeClass on method initializeTestBaseSetup but has not been marked @Optional or defined
in C:\Users\PC\AppData\Local\JetBrains\IdeaIC2023.3\temp-testng-customsuite.xml
at java.base/java.util.ArrayList.forEach(ArrayList.java:1511)
at com.intellij.rt.testng.IDEARemoteTestNG.run(IDEARemoteTestNG.java:65)
at com.intellij.rt.testng.RemoteTestNGStarter.main(RemoteTestNGStarter.java:105)
... Removed 19 stack frames]]>
    </failure>
  </testcase> <!-- @BeforeClass initializeTestBaseSetup -->
  <testcase classname="Automation.TC.SignInTest" name="@BeforeClass setup" time="-1.713859212929E9">
    <skipped/>
  </testcase> <!-- @BeforeClass setup -->
  <testcase classname="Automation.TC.SignInTest" name="@AfterClass quitbrowser" time="-1.713859212937E9">
    <skipped/>
  </testcase> <!-- @AfterClass quitbrowser -->
  <testcase classname="Automation.Base.Setup.BaseSetup" name="@AfterClass tearDown" time="-1.713859212938E9">
    <skipped/>
  </testcase> <!-- @AfterClass tearDown -->
  <testcase classname="Automation.TC.SignInTest" name="SignInPage" time="0.0">
    <skipped/>
  </testcase> <!-- SignInPage -->
</testsuite> <!-- AutomationProject -->
